<?xml version="1.0" encoding="UTF-8"?>
<!-- Generated by org.testng.reporters.JUnitReportReporter -->
<testsuite skipped="0" hostname="LAPTOP-PS7N2T8T" name="com.testleaf.testcases.TC001Login" tests="2" failures="0" timestamp="2022-07-02T18:26:28 IST" time="10.069" errors="0">
  <testcase name="runLogin" time="5.831" classname="com.testleaf.testcases.TC001Login"/>
  <system-out/>
  <testcase name="runLogin" time="4.238" classname="com.testleaf.testcases.TC001Login"/>
  <system-out/>
</testsuite> <!-- com.testleaf.testcases.TC001Login -->
